<?xml version="1.0" encoding="UTF-8"?>
<!-- Generated by org.testng.reporters.JUnitReportReporter -->
<testsuite hostname="ZSCHN01LP0174" failures="1" tests="2" name="runners.GooglrPageRunner" time="23.290" errors="0" timestamp="2024-02-07T16:49:18 IST" skipped="0">
  <testcase classname="runners.GooglrPageRunner" name="runScenario" time="12.568"/>
  <system-out/>
  <testcase classname="runners.GooglrPageRunner" name="runScenario" time="10.722">
    <failure message="expected [Selenium Tutorial] but found [Selenium Tutorial - Google Search]" type="java.lang.AssertionError">
      <![CDATA[java.lang.AssertionError: expected [Selenium Tutorial] but found [Selenium Tutorial - Google Search]
at org.testng.Assert.fail(Assert.java:99)
at org.testng.Assert.failNotEquals(Assert.java:1037)
at org.testng.Assert.assertEqualsImpl(Assert.java:140)
at org.testng.Assert.assertEquals(Assert.java:122)
at org.testng.Assert.assertEquals(Assert.java:629)
at org.testng.Assert.assertEquals(Assert.java:639)
at stepDefinitions.GooglePageStepDef.should_display_selenium_tutorial_page(GooglePageStepDef.java:51)
at âœ½.Should display Selenium Tutorial page(file:///D:/workspace/BDDSamplesZuci/src/test/resources/features/GooglePageSearch.feature:13)
]]>
    </failure>
  </testcase> <!-- runScenario -->
  <system-out/>
</testsuite> <!-- runners.GooglrPageRunner -->
